Copyright 1986-2022 Xilinx, Inc. All Rights Reserved. Copyright 2022-2023 Advanced Micro Devices, Inc. All Rights Reserved.
---------------------------------------------------------------------------------------------------------------------------------------------
| Tool Version : Vivado v.2023.1 (win64) Build 3865809 Sun May  7 15:05:29 MDT 2023
| Date         : Wed Jul 30 16:46:51 2025
| Host         : LAPTOP-RAFKQ2CB running 64-bit major release  (build 9200)
| Command      : report_control_sets -verbose -file top_control_sets_placed.rpt
| Design       : top
| Device       : xc7a100t
---------------------------------------------------------------------------------------------------------------------------------------------

Control Set Information

Table of Contents
-----------------
1. Summary
2. Histogram
3. Flip-Flop Distribution
4. Detailed Control Set Information

1. Summary
----------

+----------------------------------------------------------+-------+
|                          Status                          | Count |
+----------------------------------------------------------+-------+
| Total control sets                                       |     7 |
|    Minimum number of control sets                        |     7 |
|    Addition due to synthesis replication                 |     0 |
|    Addition due to physical synthesis replication        |     0 |
| Unused register locations in slices containing registers |    23 |
+----------------------------------------------------------+-------+
* Control sets can be merged at opt_design using control_set_merge or merge_equivalent_drivers
** Run report_qor_suggestions for automated merging and remapping suggestions


2. Histogram
------------

+--------------------+-------+
|       Fanout       | Count |
+--------------------+-------+
| Total control sets |     7 |
| >= 0 to < 4        |     1 |
| >= 4 to < 6        |     2 |
| >= 6 to < 8        |     1 |
| >= 8 to < 10       |     0 |
| >= 10 to < 12      |     1 |
| >= 12 to < 14      |     0 |
| >= 14 to < 16      |     0 |
| >= 16              |     2 |
+--------------------+-------+
* Control sets can be remapped at either synth_design or opt_design


3. Flip-Flop Distribution
-------------------------

+--------------+-----------------------+------------------------+-----------------+--------------+
| Clock Enable | Synchronous Set/Reset | Asynchronous Set/Reset | Total Registers | Total Slices |
+--------------+-----------------------+------------------------+-----------------+--------------+
| No           | No                    | No                     |               3 |            2 |
| No           | No                    | Yes                    |               0 |            0 |
| No           | Yes                   | No                     |              21 |            8 |
| Yes          | No                    | No                     |               0 |            0 |
| Yes          | No                    | Yes                    |               0 |            0 |
| Yes          | Yes                   | No                     |              41 |           17 |
+--------------+-----------------------+------------------------+-----------------+--------------+


4. Detailed Control Set Information
-----------------------------------

+----------------+--------------------------------+-----------------------------------+------------------+----------------+--------------+
|  Clock Signal  |          Enable Signal         |          Set/Reset Signal         | Slice Load Count | Bel Load Count | Bels / Slice |
+----------------+--------------------------------+-----------------------------------+------------------+----------------+--------------+
|  clk_IBUF_BUFG |                                |                                   |                2 |              3 |         1.50 |
|  clk_IBUF_BUFG | uart_inst/char_index__0        | uart_inst/delay_counter_reg[27]_0 |                1 |              4 |         4.00 |
|  clk_IBUF_BUFG | uart_inst/tx_start_reg         | uart_inst/char_index_reg[2]_0     |                2 |              4 |         2.00 |
|  clk_IBUF_BUFG | uart_inst/r_tx_data[6]_i_1_n_0 | reset_IBUF                        |                2 |              7 |         3.50 |
|  clk_IBUF_BUFG | uart_inst/tx_start_reg         | uart_inst/char_index_reg[2]       |                5 |             10 |         2.00 |
|  clk_IBUF_BUFG | uart_inst/tx_start_reg         | uart_inst/m_tx_active_reg_0       |                7 |             16 |         2.29 |
|  clk_IBUF_BUFG |                                | reset_IBUF                        |                8 |             21 |         2.62 |
+----------------+--------------------------------+-----------------------------------+------------------+----------------+--------------+


